Added Component: Designator=C50(CAPC1608L)
Add component (AddParameter): Name = "Code_IPC"; Value = "1608 [0603]"; VariantName = "[No Variations]"
Add component (AddParameter): Name = "Note"; Value = ""; VariantName = "[No Variations]"
Add component (AddParameter): Name = "PackageReference"; Value = "0603"; VariantName = "[No Variations]"
Add component (AddParameter): Name = "Storage Location"; Value = "PCB Assembly WS"; VariantName = "[No Variations]"
Add component (AddParameter): Name = "Supplier"; Value = "ECE Dept"; VariantName = "[No Variations]"
Add component (AddParameter): Name = "Value"; Value = "100nF"; VariantName = "[No Variations]"
Add component (AddParameter): Name = "Verify"; Value = ""; VariantName = "[No Variations]"
Added Component: Designator=C51(CAPC1608L)
Add component (AddParameter): Name = "Code_IPC"; Value = "1608 [0603]"; VariantName = "[No Variations]"
Add component (AddParameter): Name = "Note"; Value = ""; VariantName = "[No Variations]"
Add component (AddParameter): Name = "PackageReference"; Value = "0603"; VariantName = "[No Variations]"
Add component (AddParameter): Name = "Storage Location"; Value = "PCB Assembly WS"; VariantName = "[No Variations]"
Add component (AddParameter): Name = "Supplier"; Value = "ECE Dept"; VariantName = "[No Variations]"
Add component (AddParameter): Name = "Value"; Value = "100nF"; VariantName = "[No Variations]"
Add component (AddParameter): Name = "Verify"; Value = ""; VariantName = "[No Variations]"
Added Component: Designator=C52(CAPC1608L)
Add component (AddParameter): Name = "Code_IPC"; Value = "1608 [0603]"; VariantName = "[No Variations]"
Add component (AddParameter): Name = "Note"; Value = ""; VariantName = "[No Variations]"
Add component (AddParameter): Name = "PackageReference"; Value = "0603"; VariantName = "[No Variations]"
Add component (AddParameter): Name = "Storage Location"; Value = "PCB Assembly WS"; VariantName = "[No Variations]"
Add component (AddParameter): Name = "Supplier"; Value = "ECE Dept"; VariantName = "[No Variations]"
Add component (AddParameter): Name = "Value"; Value = "100nF"; VariantName = "[No Variations]"
Add component (AddParameter): Name = "Verify"; Value = ""; VariantName = "[No Variations]"
Added Component: Designator=C53(CAPC1608L)
Add component (AddParameter): Name = "Code_IPC"; Value = "1608 [0603]"; VariantName = "[No Variations]"
Add component (AddParameter): Name = "Note"; Value = ""; VariantName = "[No Variations]"
Add component (AddParameter): Name = "PackageReference"; Value = "0603"; VariantName = "[No Variations]"
Add component (AddParameter): Name = "Storage Location"; Value = "PCB Assembly WS"; VariantName = "[No Variations]"
Add component (AddParameter): Name = "Supplier"; Value = "ECE Dept"; VariantName = "[No Variations]"
Add component (AddParameter): Name = "Value"; Value = "100nF"; VariantName = "[No Variations]"
Add component (AddParameter): Name = "Verify"; Value = ""; VariantName = "[No Variations]"
Added Component: Designator=C55(CAPC1608L)
Add component (AddParameter): Name = "Code_IPC"; Value = "1608 [0603]"; VariantName = "[No Variations]"
Add component (AddParameter): Name = "Note"; Value = ""; VariantName = "[No Variations]"
Add component (AddParameter): Name = "PackageReference"; Value = "0603"; VariantName = "[No Variations]"
Add component (AddParameter): Name = "Storage Location"; Value = "PCB Assembly WS"; VariantName = "[No Variations]"
Add component (AddParameter): Name = "Supplier"; Value = "ECE Dept"; VariantName = "[No Variations]"
Add component (AddParameter): Name = "Value"; Value = "100nF"; VariantName = "[No Variations]"
Add component (AddParameter): Name = "Verify"; Value = ""; VariantName = "[No Variations]"
Added Component: Designator=R34(RESC1608L)
Add component (AddParameter): Name = "Storage Location"; Value = "PCB Assembly WS"; VariantName = "[No Variations]"
Add component (AddParameter): Name = "Supplier"; Value = "ECE Dept"; VariantName = "[No Variations]"
Add component (AddParameter): Name = "Value"; Value = "33K"; VariantName = "[No Variations]"
Added Pin To Net: NetName=GND Pin=C50-1
Added Pin To Net: NetName=VDD 3.3V Pin=C50-2
Added Pin To Net: NetName=GND Pin=C51-1
Added Pin To Net: NetName=VDD 3.3V Pin=C51-2
Added Pin To Net: NetName=GND Pin=C52-1
Added Pin To Net: NetName=VDD 5V Pin=C52-2
Added Pin To Net: NetName=GND Pin=C53-1
Added Pin To Net: NetName=VDD 5V Pin=C53-2
Added Pin To Net: NetName=GND Pin=C55-1
Added Pin To Net: NetName=VDD 5V Pin=C55-2
Added Pin To Net: NetName=NetR33_2 Pin=R34-1
Added Pin To Net: NetName=GND Pin=R34-2
Added Member To Class: ClassName=RobotBoard Member=Component C50 100nF
Added Member To Class: ClassName=RobotBoard Member=Component C51 100nF
Added Member To Class: ClassName=RobotBoard Member=Component C52 100nF
Added Member To Class: ClassName=RobotBoard Member=Component C53 100nF
Added Member To Class: ClassName=RobotBoard Member=Component C55 100nF
Added Member To Class: ClassName=U_RobotPower Member=Component R34 33K
