Removed Pin From Net: NetName=GND Pin=C10-1
Removed Pin From Net: NetName=GND Pin=C28-1
Removed Pin From Net: NetName=GND Pin=C30-2
Removed Pin From Net: NetName=GND Pin=C31-1
Removed Pin From Net: NetName=GND Pin=C31-2
Removed Pin From Net: NetName=GND Pin=C32-2
Removed Pin From Net: NetName=GND Pin=C33-2
Removed Pin From Net: NetName=GND Pin=C34-2
Removed Pin From Net: NetName=GND Pin=C36-2
Removed Pin From Net: NetName=GND Pin=C37-1
Removed Pin From Net: NetName=GND Pin=C37-2
Removed Pin From Net: NetName=GND Pin=C43-2
Removed Pin From Net: NetName=GND Pin=CAMERA-1
Removed Pin From Net: NetName=GND Pin=H4-1
Removed Pin From Net: NetName=GND Pin=P3-2
Removed Pin From Net: NetName=GND Pin=P4-2
Removed Pin From Net: NetName=GND Pin=Q4-2
Removed Pin From Net: NetName=MOS-OFF-SIGNAL Pin=R25-1
Removed Pin From Net: NetName=MOS-OFF-SIGNAL Pin=R26-1
Removed Pin From Net: NetName=GND Pin=R28-1
Removed Pin From Net: NetName=GND Pin=R30-2
Removed Pin From Net: NetName=NetR33_2 Pin=R40-1
Removed Pin From Net: NetName=GND Pin=R40-2
Removed Pin From Net: NetName=GND Pin=U1-1
Removed Pin From Net: NetName=GND Pin=U1-3
Removed Pin From Net: NetName=GND Pin=U9-1
Removed Pin From Net: NetName=GND Pin=U10-1
Removed Pin From Net: NetName=GND Pin=VTX-1
Removed Member From Class: ClassName=RobotBoard Member=C31
Removed Member From Class: ClassName=RobotBoard Member=C32
Removed Member From Class: ClassName=RobotBoard Member=C33
Removed Member From Class: ClassName=RobotBoard Member=C36
Removed Member From Class: ClassName=RobotBoard Member=C37
Removed Member From Class: ClassName=U_RobotPower Member=R40
Change component parameters: Designator = "C35" ("C35"); Footprint = "CAPC3216L"; UniqueID = "\JUMHVPKZ" ("\JUMHVPKZ")
Change component parameters (AddParameter): Name = "Dielectric"; Value = "X5R"; VariantName = "[No Variations]"
Change component parameters (AddParameter): Name = "MoV"; Value = "10V"; VariantName = "[No Variations]"
Change component parameters (AddParameter): Name = "Storage Location"; Value = "PCB Assembly WS"; VariantName = "[No Variations]"
Change component parameters (AddParameter): Name = "Supplier"; Value = "ECE Dept"; VariantName = "[No Variations]"
Change component parameters (AddParameter): Name = "Value"; Value = "10uF"; VariantName = "[No Variations]"
Change component parameters (AddParameter): Name = "Verify"; Value = ""; VariantName = "[No Variations]"
Change component parameters: Designator = "C40" ("C40"); Footprint = "CAPC1608L"; UniqueID = "\GVDBSEEL\UBGTNWIN" ("\GVDBSEEL\UBGTNWIN")
Change component parameters (AddParameter): Name = "Code_IPC"; Value = "1608 [0603]"; VariantName = "[No Variations]"
Change component parameters (AddParameter): Name = "Note"; Value = ""; VariantName = "[No Variations]"
Change component parameters (AddParameter): Name = "PackageReference"; Value = "0603"; VariantName = "[No Variations]"
Change component parameters (AddParameter): Name = "Storage Location"; Value = "PCB Assembly WS"; VariantName = "[No Variations]"
Change component parameters (AddParameter): Name = "Supplier"; Value = "ECE Dept"; VariantName = "[No Variations]"
Change component parameters (AddParameter): Name = "Value"; Value = "100nF"; VariantName = "[No Variations]"
Change component parameters (AddParameter): Name = "Verify"; Value = ""; VariantName = "[No Variations]"
Add component: Footprint Not Found CAPC1608L
Add component: Footprint Not Found CAPC1608L
Add component: Footprint Not Found CAPC1608L
Add component: Footprint Not Found CAPC1608L
Add component: Footprint Not Found CAPC1608L
Add component: Footprint Not Found RESC1608L
Add Pin To Net: Unknown Pin: Pin C50-1
Add Pin To Net: Unknown Pin: Pin C50-2
Add Pin To Net: Unknown Pin: Pin C51-1
Add Pin To Net: Unknown Pin: Pin C51-2
Add Pin To Net: Unknown Pin: Pin C52-1
Add Pin To Net: Unknown Pin: Pin C53-1
Add Pin To Net: Unknown Pin: Pin C55-1
Add Pin To Net: Unknown Pin: Pin R?-1
Add Pin To Net: Unknown Pin: Pin R?-2
Change Net Name : Old Net Name=MOS-OFF-SIGNAL New Net Name=IMU ENABLE
Added Pin To Net: NetName=H-BRIDGE-ENABLE Pin=R25-1
Added Pin To Net: NetName=H-BRIDGE-ENABLE Pin=R26-1
Added Pin To Net: NetName=H-BRIDGE-ENABLE Pin=U3-15
Added Net: Name=H-BRIDGE-ENABLE
Added Pin To Net: NetName=NetCAMERA_3 Pin=CAMERA-3
Added Pin To Net: NetName=NetCAMERA_3 Pin=VTX-3
Added Net: Name=NetCAMERA_3
Added Pin To Net: NetName=VDD 5V Pin=C10-1
Added Pin To Net: NetName=VDD 5V Pin=C28-1
Added Pin To Net: NetName=VDD 5V Pin=C30-2
Added Pin To Net: NetName=VDD 5V Pin=C34-2
Added Pin To Net: NetName=VDD 5V Pin=C35-1
Added Pin To Net: NetName=VDD 5V Pin=C43-2
Added Pin To Net: NetName=VDD 5V Pin=CAMERA-1
Added Pin To Net: NetName=VDD 5V Pin=H4-1
Added Pin To Net: NetName=VDD 5V Pin=P3-2
Added Pin To Net: NetName=VDD 5V Pin=P4-2
Added Pin To Net: NetName=VDD 5V Pin=Q4-2
Added Pin To Net: NetName=VDD 5V Pin=R28-1
Added Pin To Net: NetName=VDD 5V Pin=R30-2
Added Pin To Net: NetName=VDD 5V Pin=U1-1
Added Pin To Net: NetName=VDD 5V Pin=U1-3
Added Pin To Net: NetName=VDD 5V Pin=U9-1
Added Pin To Net: NetName=VDD 5V Pin=U10-1
Added Pin To Net: NetName=VDD 5V Pin=VTX-1
Added Net: Name=VDD 5V
Added Member To Class: ClassName=RobotBoard Member=Component  Header 5X2 Vert
Add Class Member: Failed to add class member : Component C50 100nF
Add Class Member: Failed to add class member : Component C51 100nF
Add Class Member: Failed to add class member : Component C52 100nF
Add Class Member: Failed to add class member : Component C53 100nF
Add Class Member: Failed to add class member : Component C55 100nF
Add Class Member: Failed to add class member : Component R? 33K
Added Member To Class: ClassName=RobotBoard Member=Component S1 EVQPNF05M
Added Member To Class: ClassName=RobotBoard Member=Component TP1 TP
Added Member To Class: ClassName=RobotBoard Member=Component TP2 TP
Added Member To Class: ClassName=RobotBoard Member=Component TP3 TP_0805
Added Member To Class: ClassName=RobotBoard Member=Component TP6 TP_0805
Added Member To Class: ClassName=RobotBoard Member=Component TP7 TP_0805
Added Member To Class: ClassName=RobotBoard Member=Component TP8 TP_0805
Added Member To Class: ClassName=RobotBoard Member=Component U2 ADXL345BCCZ
Added Member To Class: ClassName=RobotBoard Member=Component U8 nRF24 SMD
Added Member To Class: ClassName=RobotBoard Member=Component U9 CAT6219-330TDGT3
Added Member To Class: ClassName=RobotBoard Member=Component U10 SN74LVC1T45
Added Member To Class: ClassName=RobotBoard Member=Component VTX JA_PIN_Header 4
Added Member To Class: ClassName=RobotBoard Member=Component Y1 12MHz
Added Rule: Name=Schematic Supply Nets
Added Rule: Name=Schematic Supply Nets_1
Added Rule: Name=Schematic Supply Nets_2
Added Rule: Name=Schematic Supply Nets_3
Added Rule: Name=Schematic Supply Nets_4
