Added Component: Designator=C?(CAPC3216L)
Add component (AddParameter): Name = "Dielectric"; Value = "X5R"; VariantName = "[No Variations]"
Add component (AddParameter): Name = "Max Voltage"; Value = "10V"; VariantName = "[No Variations]"
Add component (AddParameter): Name = "MoV"; Value = "10V"; VariantName = "[No Variations]"
Add component (AddParameter): Name = "Storage Location"; Value = "PCB Assembly WS"; VariantName = "[No Variations]"
Add component (AddParameter): Name = "Supplier"; Value = "ECE Dept"; VariantName = "[No Variations]"
Add component (AddParameter): Name = "Value"; Value = "47uF"; VariantName = "[No Variations]"
Add component (AddParameter): Name = "Verify"; Value = ""; VariantName = "[No Variations]"
Added Pin To Net: NetName=GND Pin=C?-1
Added Pin To Net: NetName=VDD 5V Pin=C?-2
Added Member To Class: ClassName=RobotBoard Member=Component C34 10uF
Added Member To Class: ClassName=RobotBoard Member=Component C43 47uF
Added Member To Class: ClassName=RobotBoard Member=Component C50 100nF
Added Member To Class: ClassName=RobotBoard Member=Component C51 100nF
Added Member To Class: ClassName=RobotBoard Member=Component C52 100nF
Added Member To Class: ClassName=RobotBoard Member=Component C53 100nF
Added Member To Class: ClassName=RobotBoard Member=Component C55 100nF
Added Member To Class: ClassName=RobotBoard Member=Component C? 47uF
Added Member To Class: ClassName=RobotBoard Member=Component CAMERA JA_PIN_Header 3
Added Member To Class: ClassName=RobotBoard Member=Component S1 EVQPNF05M
Added Member To Class: ClassName=RobotBoard Member=Component  Header 5X2 Vert
Added Member To Class: ClassName=RobotBoard Member=Component TP1 TP
Added Member To Class: ClassName=RobotBoard Member=Component TP2 TP
Added Member To Class: ClassName=RobotBoard Member=Component TP3 TP_0805
Added Member To Class: ClassName=RobotBoard Member=Component TP6 TP_0805
Added Member To Class: ClassName=RobotBoard Member=Component TP7 TP_0805
Added Member To Class: ClassName=RobotBoard Member=Component TP8 TP_0805
Added Member To Class: ClassName=RobotBoard Member=Component U2 ADXL345BCCZ
Added Member To Class: ClassName=RobotBoard Member=Component U8 nRF24 SMD
Added Member To Class: ClassName=RobotBoard Member=Component U9 CAT6219-330TDGT3
Added Member To Class: ClassName=RobotBoard Member=Component U10 SN74LVC1T45
Added Member To Class: ClassName=RobotBoard Member=Component VTX JA_PIN_Header 4
Added Member To Class: ClassName=RobotBoard Member=Component Y1 12MHz
