Add component: Footprint Not Found CAPC1608L
Add component: Footprint Not Found CAPC1608L
Add component: Footprint Not Found CAPC1608L
Add component: Footprint Not Found CAPC1608L
Add component: Footprint Not Found CAPC1608L
Add component: Footprint Not Found RESC1608L
Add Pin To Net: Unknown Pin: Pin C50-1
Add Pin To Net: Unknown Pin: Pin C50-2
Add Pin To Net: Unknown Pin: Pin C51-1
Add Pin To Net: Unknown Pin: Pin C51-2
Add Pin To Net: Unknown Pin: Pin C52-1
Add Pin To Net: Unknown Pin: Pin C52-2
Add Pin To Net: Unknown Pin: Pin C53-1
Add Pin To Net: Unknown Pin: Pin C53-2
Add Pin To Net: Unknown Pin: Pin C55-1
Add Pin To Net: Unknown Pin: Pin C55-2
Add Pin To Net: Unknown Pin: Pin R34-1
Add Pin To Net: Unknown Pin: Pin R34-2
Add Class Member: Failed to add class member : Component C50 100nF
Add Class Member: Failed to add class member : Component C51 100nF
Add Class Member: Failed to add class member : Component C52 100nF
Add Class Member: Failed to add class member : Component C53 100nF
Add Class Member: Failed to add class member : Component C55 100nF
Add Class Member: Failed to add class member : Component R34 33K
